2017-12-19 22:38:43 Error: [PDOException] SQLSTATE[HY000]: General error: 1364 Field 'last_login' doesn't have a default value
Request URL: /admin
Stack Trace:
#0 /var/www/html/lib/Cake/Model/Datasource/DboSource.php(472): PDOStatement->execute(Array)
#1 /var/www/html/lib/Cake/Model/Datasource/DboSource.php(438): DboSource->_execute('INSERT INTO `my...', Array)
#2 /var/www/html/lib/Cake/Model/Datasource/DboSource.php(1092): DboSource->execute('INSERT INTO `my...')
#3 /var/www/html/lib/Cake/Model/Model.php(1942): DboSource->create(Object(AppModel), Array, Array)
#4 /var/www/html/lib/Cake/Model/Model.php(1760): Model->_doSave(Array, Array)
#5 /var/www/html/app/Plugin/Brownie/Model/Behavior/BrwUserBehavior.php(100): Model->save(Array)
#6 /var/www/html/lib/Cake/Model/BehaviorCollection.php(238): BrwUserBehavior->checkAndCreate(Object(AppModel), 'test@gmail.com', '123321')
#7 /var/www/html/lib/Cake/Model/Model.php(829): BehaviorCollection->dispatchMethod(Object(AppModel), Array, Array)
#8 /var/www/html/app/Plugin/Brownie/Controller/Component/Auth/BrwAuthenticate.php(20): Model->__call('checkAndCreate', Array)
#9 /var/www/html/lib/Cake/Controller/Component/AuthComponent.php(772): BrwAuthenticate->authenticate(Object(CakeRequest), Object(CakeResponse))
#10 /var/www/html/lib/Cake/Controller/Component/AuthComponent.php(612): AuthComponent->identify(Object(CakeRequest), Object(CakeResponse))
#11 /var/www/html/app/Plugin/Brownie/Controller/BrownieController.php(33): AuthComponent->login()
#12 [internal function]: BrownieController->login()
#13 /var/www/html/lib/Cake/Controller/Controller.php(491): ReflectionMethod->invokeArgs(Object(BrownieController), Array)
#14 /var/www/html/lib/Cake/Routing/Dispatcher.php(193): Controller->invokeAction(Object(CakeRequest))
#15 /var/www/html/lib/Cake/Routing/Dispatcher.php(167): Dispatcher->_invoke(Object(BrownieController), Object(CakeRequest))
#16 /var/www/html/app/webroot/index.php(117): Dispatcher->dispatch(Object(CakeRequest), Object(CakeResponse))
#17 {main}
2017-12-19 22:39:01 Error: [PDOException] SQLSTATE[HY000]: General error: 1364 Field 'last_login' doesn't have a default value
Request URL: /admin
Stack Trace:
#0 /var/www/html/lib/Cake/Model/Datasource/DboSource.php(472): PDOStatement->execute(Array)
#1 /var/www/html/lib/Cake/Model/Datasource/DboSource.php(438): DboSource->_execute('INSERT INTO `my...', Array)
#2 /var/www/html/lib/Cake/Model/Datasource/DboSource.php(1092): DboSource->execute('INSERT INTO `my...')
#3 /var/www/html/lib/Cake/Model/Model.php(1942): DboSource->create(Object(AppModel), Array, Array)
#4 /var/www/html/lib/Cake/Model/Model.php(1760): Model->_doSave(Array, Array)
#5 /var/www/html/app/Plugin/Brownie/Model/Behavior/BrwUserBehavior.php(100): Model->save(Array)
#6 /var/www/html/lib/Cake/Model/BehaviorCollection.php(238): BrwUserBehavior->checkAndCreate(Object(AppModel), 'test@gmail.com', '123321')
#7 /var/www/html/lib/Cake/Model/Model.php(829): BehaviorCollection->dispatchMethod(Object(AppModel), Array, Array)
#8 /var/www/html/app/Plugin/Brownie/Controller/Component/Auth/BrwAuthenticate.php(20): Model->__call('checkAndCreate', Array)
#9 /var/www/html/lib/Cake/Controller/Component/AuthComponent.php(772): BrwAuthenticate->authenticate(Object(CakeRequest), Object(CakeResponse))
#10 /var/www/html/lib/Cake/Controller/Component/AuthComponent.php(612): AuthComponent->identify(Object(CakeRequest), Object(CakeResponse))
#11 /var/www/html/app/Plugin/Brownie/Controller/BrownieController.php(33): AuthComponent->login()
#12 [internal function]: BrownieController->login()
#13 /var/www/html/lib/Cake/Controller/Controller.php(491): ReflectionMethod->invokeArgs(Object(BrownieController), Array)
#14 /var/www/html/lib/Cake/Routing/Dispatcher.php(193): Controller->invokeAction(Object(CakeRequest))
#15 /var/www/html/lib/Cake/Routing/Dispatcher.php(167): Dispatcher->_invoke(Object(BrownieController), Object(CakeRequest))
#16 /var/www/html/app/webroot/index.php(117): Dispatcher->dispatch(Object(CakeRequest), Object(CakeResponse))
#17 {main}
2017-12-19 22:41:55 Error: [NotFoundException] Model does not exists
Request URL: /admin/contents/view/PostStatus/2
Stack Trace:
#0 /var/www/html/lib/Cake/Event/CakeEventManager.php(243): ContentsController->beforeFilter(Object(CakeEvent))
#1 /var/www/html/lib/Cake/Controller/Controller.php(677): CakeEventManager->dispatch(Object(CakeEvent))
#2 /var/www/html/lib/Cake/Routing/Dispatcher.php(189): Controller->startupProcess()
#3 /var/www/html/lib/Cake/Routing/Dispatcher.php(167): Dispatcher->_invoke(Object(ContentsController), Object(CakeRequest))
#4 /var/www/html/app/webroot/index.php(117): Dispatcher->dispatch(Object(CakeRequest), Object(CakeResponse))
#5 {main}
2017-12-19 22:42:02 Error: [NotFoundException] Model does not exists
Request URL: /admin/contents/view/PostStatus/2
Stack Trace:
#0 /var/www/html/lib/Cake/Event/CakeEventManager.php(243): ContentsController->beforeFilter(Object(CakeEvent))
#1 /var/www/html/lib/Cake/Controller/Controller.php(677): CakeEventManager->dispatch(Object(CakeEvent))
#2 /var/www/html/lib/Cake/Routing/Dispatcher.php(189): Controller->startupProcess()
#3 /var/www/html/lib/Cake/Routing/Dispatcher.php(167): Dispatcher->_invoke(Object(ContentsController), Object(CakeRequest))
#4 /var/www/html/app/webroot/index.php(117): Dispatcher->dispatch(Object(CakeRequest), Object(CakeResponse))
#5 {main}
2017-12-19 22:42:51 Error: [NotFoundException] Model does not exists
Request URL: /admin/contents/view/PostStatus/2
Stack Trace:
#0 /var/www/html/lib/Cake/Event/CakeEventManager.php(243): ContentsController->beforeFilter(Object(CakeEvent))
#1 /var/www/html/lib/Cake/Controller/Controller.php(677): CakeEventManager->dispatch(Object(CakeEvent))
#2 /var/www/html/lib/Cake/Routing/Dispatcher.php(189): Controller->startupProcess()
#3 /var/www/html/lib/Cake/Routing/Dispatcher.php(167): Dispatcher->_invoke(Object(ContentsController), Object(CakeRequest))
#4 /var/www/html/app/webroot/index.php(117): Dispatcher->dispatch(Object(CakeRequest), Object(CakeResponse))
#5 {main}
2017-12-19 22:42:55 Error: [NotFoundException] Model does not exists
Request URL: /admin/contents/index
Stack Trace:
#0 /var/www/html/lib/Cake/Event/CakeEventManager.php(243): ContentsController->beforeFilter(Object(CakeEvent))
#1 /var/www/html/lib/Cake/Controller/Controller.php(677): CakeEventManager->dispatch(Object(CakeEvent))
#2 /var/www/html/lib/Cake/Routing/Dispatcher.php(189): Controller->startupProcess()
#3 /var/www/html/lib/Cake/Routing/Dispatcher.php(167): Dispatcher->_invoke(Object(ContentsController), Object(CakeRequest))
#4 /var/www/html/app/webroot/index.php(117): Dispatcher->dispatch(Object(CakeRequest), Object(CakeResponse))
#5 {main}
2017-12-19 22:43:42 Error: [NotFoundException] Model does not exists
Request URL: /admin/contents/index
Stack Trace:
#0 /var/www/html/lib/Cake/Event/CakeEventManager.php(243): ContentsController->beforeFilter(Object(CakeEvent))
#1 /var/www/html/lib/Cake/Controller/Controller.php(677): CakeEventManager->dispatch(Object(CakeEvent))
#2 /var/www/html/lib/Cake/Routing/Dispatcher.php(189): Controller->startupProcess()
#3 /var/www/html/lib/Cake/Routing/Dispatcher.php(167): Dispatcher->_invoke(Object(ContentsController), Object(CakeRequest))
#4 /var/www/html/app/webroot/index.php(117): Dispatcher->dispatch(Object(CakeRequest), Object(CakeResponse))
#5 {main}
2017-12-19 22:43:49 Error: [NotFoundException] Model does not exists
Request URL: /admin/contents/view/PostStatus/2
Stack Trace:
#0 /var/www/html/lib/Cake/Event/CakeEventManager.php(243): ContentsController->beforeFilter(Object(CakeEvent))
#1 /var/www/html/lib/Cake/Controller/Controller.php(677): CakeEventManager->dispatch(Object(CakeEvent))
#2 /var/www/html/lib/Cake/Routing/Dispatcher.php(189): Controller->startupProcess()
#3 /var/www/html/lib/Cake/Routing/Dispatcher.php(167): Dispatcher->_invoke(Object(ContentsController), Object(CakeRequest))
#4 /var/www/html/app/webroot/index.php(117): Dispatcher->dispatch(Object(CakeRequest), Object(CakeResponse))
#5 {main}
2017-12-19 22:43:53 Error: [NotFoundException] Model does not exists
Request URL: /admin/contents/view/PostStatus/1
Stack Trace:
#0 /var/www/html/lib/Cake/Event/CakeEventManager.php(243): ContentsController->beforeFilter(Object(CakeEvent))
#1 /var/www/html/lib/Cake/Controller/Controller.php(677): CakeEventManager->dispatch(Object(CakeEvent))
#2 /var/www/html/lib/Cake/Routing/Dispatcher.php(189): Controller->startupProcess()
#3 /var/www/html/lib/Cake/Routing/Dispatcher.php(167): Dispatcher->_invoke(Object(ContentsController), Object(CakeRequest))
#4 /var/www/html/app/webroot/index.php(117): Dispatcher->dispatch(Object(CakeRequest), Object(CakeResponse))
#5 {main}
2017-12-19 22:44:00 Error: [NotFoundException] Model does not exists
Request URL: /admin/contents/view/PostStatus/2
Stack Trace:
#0 /var/www/html/lib/Cake/Event/CakeEventManager.php(243): ContentsController->beforeFilter(Object(CakeEvent))
#1 /var/www/html/lib/Cake/Controller/Controller.php(677): CakeEventManager->dispatch(Object(CakeEvent))
#2 /var/www/html/lib/Cake/Routing/Dispatcher.php(189): Controller->startupProcess()
#3 /var/www/html/lib/Cake/Routing/Dispatcher.php(167): Dispatcher->_invoke(Object(ContentsController), Object(CakeRequest))
#4 /var/www/html/app/webroot/index.php(117): Dispatcher->dispatch(Object(CakeRequest), Object(CakeResponse))
#5 {main}
2017-12-19 22:44:43 Error: [NotFoundException] Model does not exists
Request URL: /admin/contents/view/PostStatus/2
Stack Trace:
#0 /var/www/html/lib/Cake/Event/CakeEventManager.php(243): ContentsController->beforeFilter(Object(CakeEvent))
#1 /var/www/html/lib/Cake/Controller/Controller.php(677): CakeEventManager->dispatch(Object(CakeEvent))
#2 /var/www/html/lib/Cake/Routing/Dispatcher.php(189): Controller->startupProcess()
#3 /var/www/html/lib/Cake/Routing/Dispatcher.php(167): Dispatcher->_invoke(Object(ContentsController), Object(CakeRequest))
#4 /var/www/html/app/webroot/index.php(117): Dispatcher->dispatch(Object(CakeRequest), Object(CakeResponse))
#5 {main}
2017-12-19 22:44:46 Error: [NotFoundException] Model does not exists
Request URL: /admin/contents/index/Category
Stack Trace:
#0 /var/www/html/lib/Cake/Event/CakeEventManager.php(243): ContentsController->beforeFilter(Object(CakeEvent))
#1 /var/www/html/lib/Cake/Controller/Controller.php(677): CakeEventManager->dispatch(Object(CakeEvent))
#2 /var/www/html/lib/Cake/Routing/Dispatcher.php(189): Controller->startupProcess()
#3 /var/www/html/lib/Cake/Routing/Dispatcher.php(167): Dispatcher->_invoke(Object(ContentsController), Object(CakeRequest))
#4 /var/www/html/app/webroot/index.php(117): Dispatcher->dispatch(Object(CakeRequest), Object(CakeResponse))
#5 {main}
2017-12-19 22:51:35 Error: [NotFoundException] Model does not exists
Request URL: /admin/contents/index/Category
Stack Trace:
#0 /var/www/html/lib/Cake/Event/CakeEventManager.php(243): ContentsController->beforeFilter(Object(CakeEvent))
#1 /var/www/html/lib/Cake/Controller/Controller.php(677): CakeEventManager->dispatch(Object(CakeEvent))
#2 /var/www/html/lib/Cake/Routing/Dispatcher.php(189): Controller->startupProcess()
#3 /var/www/html/lib/Cake/Routing/Dispatcher.php(167): Dispatcher->_invoke(Object(ContentsController), Object(CakeRequest))
#4 /var/www/html/app/webroot/index.php(117): Dispatcher->dispatch(Object(CakeRequest), Object(CakeResponse))
#5 {main}
2017-12-19 22:51:39 Error: [NotFoundException] Model does not exists
Request URL: /admin/contents/index
Stack Trace:
#0 /var/www/html/lib/Cake/Event/CakeEventManager.php(243): ContentsController->beforeFilter(Object(CakeEvent))
#1 /var/www/html/lib/Cake/Controller/Controller.php(677): CakeEventManager->dispatch(Object(CakeEvent))
#2 /var/www/html/lib/Cake/Routing/Dispatcher.php(189): Controller->startupProcess()
#3 /var/www/html/lib/Cake/Routing/Dispatcher.php(167): Dispatcher->_invoke(Object(ContentsController), Object(CakeRequest))
#4 /var/www/html/app/webroot/index.php(117): Dispatcher->dispatch(Object(CakeRequest), Object(CakeResponse))
#5 {main}
2017-12-19 23:15:48 Error: [NotFoundException] Model does not exists
Request URL: /admin/contents/index
Stack Trace:
#0 /var/www/html/lib/Cake/Event/CakeEventManager.php(243): ContentsController->beforeFilter(Object(CakeEvent))
#1 /var/www/html/lib/Cake/Controller/Controller.php(677): CakeEventManager->dispatch(Object(CakeEvent))
#2 /var/www/html/lib/Cake/Routing/Dispatcher.php(189): Controller->startupProcess()
#3 /var/www/html/lib/Cake/Routing/Dispatcher.php(167): Dispatcher->_invoke(Object(ContentsController), Object(CakeRequest))
#4 /var/www/html/app/webroot/index.php(117): Dispatcher->dispatch(Object(CakeRequest), Object(CakeResponse))
#5 {main}
2017-12-19 23:16:32 Error: [NotFoundException] Model does not exists
Request URL: /admin/contents/index
Stack Trace:
#0 /var/www/html/lib/Cake/Event/CakeEventManager.php(243): ContentsController->beforeFilter(Object(CakeEvent))
#1 /var/www/html/lib/Cake/Controller/Controller.php(677): CakeEventManager->dispatch(Object(CakeEvent))
#2 /var/www/html/lib/Cake/Routing/Dispatcher.php(189): Controller->startupProcess()
#3 /var/www/html/lib/Cake/Routing/Dispatcher.php(167): Dispatcher->_invoke(Object(ContentsController), Object(CakeRequest))
#4 /var/www/html/app/webroot/index.php(117): Dispatcher->dispatch(Object(CakeRequest), Object(CakeResponse))
#5 {main}
2017-12-19 23:21:05 Error: [MissingControllerException] Controller class PostsController could not be found.
Exception Attributes: array (
  'class' => 'PostsController',
  'plugin' => NULL,
)
Request URL: /Posts/index
Stack Trace:
#0 /var/www/html/app/webroot/index.php(117): Dispatcher->dispatch(Object(CakeRequest), Object(CakeResponse))
#1 {main}
2017-12-19 23:21:10 Error: [MissingControllerException] Controller class PostsController could not be found.
Exception Attributes: array (
  'class' => 'PostsController',
  'plugin' => NULL,
)
Request URL: /Posts/
Stack Trace:
#0 /var/www/html/app/webroot/index.php(117): Dispatcher->dispatch(Object(CakeRequest), Object(CakeResponse))
#1 {main}
2017-12-19 23:21:16 Error: [MissingControllerException] Controller class PostsController could not be found.
Exception Attributes: array (
  'class' => 'PostsController',
  'plugin' => NULL,
)
Request URL: /posts/
Stack Trace:
#0 /var/www/html/app/webroot/index.php(117): Dispatcher->dispatch(Object(CakeRequest), Object(CakeResponse))
#1 {main}
2017-12-19 23:21:42 Error: [MissingViewException] View file "Posts/index.ctp" is missing.
Exception Attributes: array (
  'file' => 'Posts/index.ctp',
)
Request URL: /posts/
Stack Trace:
#0 /var/www/html/lib/Cake/View/View.php(470): View->_getViewFileName('Posts/index')
#1 /var/www/html/lib/Cake/Controller/Controller.php(963): View->render(NULL, NULL)
#2 /var/www/html/lib/Cake/Routing/Dispatcher.php(200): Controller->render()
#3 /var/www/html/lib/Cake/Routing/Dispatcher.php(167): Dispatcher->_invoke(Object(PostsController), Object(CakeRequest))
#4 /var/www/html/app/webroot/index.php(117): Dispatcher->dispatch(Object(CakeRequest), Object(CakeResponse))
#5 {main}
2017-12-19 23:45:41 Error: [MissingTableException] Table tags for model Tag was not found in datasource default.
Exception Attributes: array (
  'table' => 'tags',
  'class' => 'Tag',
  'ds' => 'default',
)
Request URL: /admin/contents/index/Post
Stack Trace:
#0 /var/www/html/lib/Cake/Model/Model.php(3673): Model->setSource('tags')
#1 /var/www/html/lib/Cake/Model/Model.php(1394): Model->getDataSource()
#2 /var/www/html/app/Plugin/Brownie/Model/Behavior/BrwPanelBehavior.php(267): Model->schema('sort')
#3 /var/www/html/app/Plugin/Brownie/Model/Behavior/BrwPanelBehavior.php(235): BrwPanelBehavior->_sortableConfig(Object(Tag))
#4 /var/www/html/app/Plugin/Brownie/Model/Behavior/BrwPanelBehavior.php(105): BrwPanelBehavior->brwConfigInit(Object(Tag))
#5 /var/www/html/lib/Cake/Model/BehaviorCollection.php(145): BrwPanelBehavior->setup(Object(Tag), Array)
#6 /var/www/html/lib/Cake/Model/BehaviorCollection.php(66): BehaviorCollection->load('Brownie.BrwPane...', Array)
#7 /var/www/html/lib/Cake/Model/Model.php(781): BehaviorCollection->init('Tag', Array)
#8 [internal function]: Model->__construct(NULL)
#9 /var/www/html/lib/Cake/Utility/ClassRegistry.php(169): ReflectionClass->newInstance(Array)
#10 /var/www/html/lib/Cake/Model/Model.php(1084): ClassRegistry::init('Tag')
#11 /var/www/html/lib/Cake/Model/Model.php(893): Model->_constructLinkedModel('Tag', 'Tag', NULL)
#12 /var/www/html/lib/Cake/Model/Model.php(926): Model->__isset('Tag')
#13 /var/www/html/lib/Cake/Model/Model.php(1131): Model->__get('Tag')
#14 /var/www/html/lib/Cake/Model/Model.php(1054): Model->_generateAssociation('hasAndBelongsTo...', 'Tag')
#15 /var/www/html/lib/Cake/Model/Model.php(780): Model->_createLinks()
#16 [internal function]: Model->__construct(NULL)
#17 /var/www/html/lib/Cake/Utility/ClassRegistry.php(169): ReflectionClass->newInstance(Array)
#18 /var/www/html/app/Plugin/Brownie/Controller/ContentsController.php(25): ClassRegistry::init('Post')
#19 /var/www/html/lib/Cake/Event/CakeEventManager.php(243): ContentsController->beforeFilter(Object(CakeEvent))
#20 /var/www/html/lib/Cake/Controller/Controller.php(677): CakeEventManager->dispatch(Object(CakeEvent))
#21 /var/www/html/lib/Cake/Routing/Dispatcher.php(189): Controller->startupProcess()
#22 /var/www/html/lib/Cake/Routing/Dispatcher.php(167): Dispatcher->_invoke(Object(ContentsController), Object(CakeRequest))
#23 /var/www/html/app/webroot/index.php(117): Dispatcher->dispatch(Object(CakeRequest), Object(CakeResponse))
#24 {main}
2017-12-19 23:45:48 Error: [MissingTableException] Table post_statuses for model PostStatus was not found in datasource default.
Exception Attributes: array (
  'table' => 'post_statuses',
  'class' => 'PostStatus',
  'ds' => 'default',
)
Request URL: /admin/contents/view/PostStatus/2
Stack Trace:
#0 /var/www/html/lib/Cake/Model/Model.php(3673): Model->setSource('post_statuses')
#1 /var/www/html/lib/Cake/Model/Model.php(1394): Model->getDataSource()
#2 /var/www/html/app/Plugin/Brownie/Model/Behavior/BrwPanelBehavior.php(267): Model->schema('sort')
#3 /var/www/html/app/Plugin/Brownie/Model/Behavior/BrwPanelBehavior.php(235): BrwPanelBehavior->_sortableConfig(Object(AppModel))
#4 /var/www/html/app/Plugin/Brownie/Model/Behavior/BrwPanelBehavior.php(105): BrwPanelBehavior->brwConfigInit(Object(AppModel))
#5 /var/www/html/lib/Cake/Model/BehaviorCollection.php(145): BrwPanelBehavior->setup(Object(AppModel), Array)
#6 /var/www/html/lib/Cake/Model/BehaviorCollection.php(66): BehaviorCollection->load('Brownie.BrwPane...', Array)
#7 /var/www/html/lib/Cake/Model/Model.php(781): BehaviorCollection->init('PostStatus', Array)
#8 /var/www/html/lib/Cake/Utility/ClassRegistry.php(186): Model->__construct(NULL)
#9 /var/www/html/app/Plugin/Brownie/Controller/ContentsController.php(25): ClassRegistry::init('PostStatus')
#10 /var/www/html/lib/Cake/Event/CakeEventManager.php(243): ContentsController->beforeFilter(Object(CakeEvent))
#11 /var/www/html/lib/Cake/Controller/Controller.php(677): CakeEventManager->dispatch(Object(CakeEvent))
#12 /var/www/html/lib/Cake/Routing/Dispatcher.php(189): Controller->startupProcess()
#13 /var/www/html/lib/Cake/Routing/Dispatcher.php(167): Dispatcher->_invoke(Object(ContentsController), Object(CakeRequest))
#14 /var/www/html/app/webroot/index.php(117): Dispatcher->dispatch(Object(CakeRequest), Object(CakeResponse))
#15 {main}
2017-12-19 23:47:28 Error: [MissingTableException] Table post_statuses for model PostStatus was not found in datasource default.
Exception Attributes: array (
  'table' => 'post_statuses',
  'class' => 'PostStatus',
  'ds' => 'default',
)
Request URL: /admin/contents/view/PostStatus/2
Stack Trace:
#0 /var/www/html/lib/Cake/Model/Model.php(3673): Model->setSource('post_statuses')
#1 /var/www/html/lib/Cake/Model/Model.php(1394): Model->getDataSource()
#2 /var/www/html/app/Plugin/Brownie/Model/Behavior/BrwPanelBehavior.php(267): Model->schema('sort')
#3 /var/www/html/app/Plugin/Brownie/Model/Behavior/BrwPanelBehavior.php(235): BrwPanelBehavior->_sortableConfig(Object(AppModel))
#4 /var/www/html/app/Plugin/Brownie/Model/Behavior/BrwPanelBehavior.php(105): BrwPanelBehavior->brwConfigInit(Object(AppModel))
#5 /var/www/html/lib/Cake/Model/BehaviorCollection.php(145): BrwPanelBehavior->setup(Object(AppModel), Array)
#6 /var/www/html/lib/Cake/Model/BehaviorCollection.php(66): BehaviorCollection->load('Brownie.BrwPane...', Array)
#7 /var/www/html/lib/Cake/Model/Model.php(781): BehaviorCollection->init('PostStatus', Array)
#8 /var/www/html/lib/Cake/Utility/ClassRegistry.php(186): Model->__construct(NULL)
#9 /var/www/html/app/Plugin/Brownie/Controller/ContentsController.php(25): ClassRegistry::init('PostStatus')
#10 /var/www/html/lib/Cake/Event/CakeEventManager.php(243): ContentsController->beforeFilter(Object(CakeEvent))
#11 /var/www/html/lib/Cake/Controller/Controller.php(677): CakeEventManager->dispatch(Object(CakeEvent))
#12 /var/www/html/lib/Cake/Routing/Dispatcher.php(189): Controller->startupProcess()
#13 /var/www/html/lib/Cake/Routing/Dispatcher.php(167): Dispatcher->_invoke(Object(ContentsController), Object(CakeRequest))
#14 /var/www/html/app/webroot/index.php(117): Dispatcher->dispatch(Object(CakeRequest), Object(CakeResponse))
#15 {main}
2017-12-19 23:48:35 Error: [MissingTableException] Table tags for model Tag was not found in datasource default.
Exception Attributes: array (
  'table' => 'tags',
  'class' => 'Tag',
  'ds' => 'default',
)
Request URL: /admin/contents/index/Post
Stack Trace:
#0 /var/www/html/lib/Cake/Model/Model.php(3673): Model->setSource('tags')
#1 /var/www/html/lib/Cake/Model/Model.php(1394): Model->getDataSource()
#2 /var/www/html/app/Plugin/Brownie/Model/Behavior/BrwPanelBehavior.php(267): Model->schema('sort')
#3 /var/www/html/app/Plugin/Brownie/Model/Behavior/BrwPanelBehavior.php(235): BrwPanelBehavior->_sortableConfig(Object(Tag))
#4 /var/www/html/app/Plugin/Brownie/Model/Behavior/BrwPanelBehavior.php(105): BrwPanelBehavior->brwConfigInit(Object(Tag))
#5 /var/www/html/lib/Cake/Model/BehaviorCollection.php(145): BrwPanelBehavior->setup(Object(Tag), Array)
#6 /var/www/html/lib/Cake/Model/BehaviorCollection.php(66): BehaviorCollection->load('Brownie.BrwPane...', Array)
#7 /var/www/html/lib/Cake/Model/Model.php(781): BehaviorCollection->init('Tag', Array)
#8 [internal function]: Model->__construct(NULL)
#9 /var/www/html/lib/Cake/Utility/ClassRegistry.php(169): ReflectionClass->newInstance(Array)
#10 /var/www/html/lib/Cake/Model/Model.php(1084): ClassRegistry::init('Tag')
#11 /var/www/html/lib/Cake/Model/Model.php(893): Model->_constructLinkedModel('Tag', 'Tag', NULL)
#12 /var/www/html/lib/Cake/Model/Model.php(926): Model->__isset('Tag')
#13 /var/www/html/lib/Cake/Model/Model.php(1131): Model->__get('Tag')
#14 /var/www/html/lib/Cake/Model/Model.php(1054): Model->_generateAssociation('hasAndBelongsTo...', 'Tag')
#15 /var/www/html/lib/Cake/Model/Model.php(780): Model->_createLinks()
#16 [internal function]: Model->__construct(NULL)
#17 /var/www/html/lib/Cake/Utility/ClassRegistry.php(169): ReflectionClass->newInstance(Array)
#18 /var/www/html/app/Plugin/Brownie/Controller/ContentsController.php(25): ClassRegistry::init('Post')
#19 /var/www/html/lib/Cake/Event/CakeEventManager.php(243): ContentsController->beforeFilter(Object(CakeEvent))
#20 /var/www/html/lib/Cake/Controller/Controller.php(677): CakeEventManager->dispatch(Object(CakeEvent))
#21 /var/www/html/lib/Cake/Routing/Dispatcher.php(189): Controller->startupProcess()
#22 /var/www/html/lib/Cake/Routing/Dispatcher.php(167): Dispatcher->_invoke(Object(ContentsController), Object(CakeRequest))
#23 /var/www/html/app/webroot/index.php(117): Dispatcher->dispatch(Object(CakeRequest), Object(CakeResponse))
#24 {main}
2017-12-19 23:49:23 Error: [PDOException] SQLSTATE[42S22]: Column not found: 1054 Unknown column 'date' in 'order clause'
Request URL: /posts
Stack Trace:
#0 /var/www/html/lib/Cake/Model/Datasource/DboSource.php(472): PDOStatement->execute(Array)
#1 /var/www/html/lib/Cake/Model/Datasource/DboSource.php(438): DboSource->_execute('SELECT `Post`.`...', Array)
#2 /var/www/html/lib/Cake/Model/Datasource/DboSource.php(675): DboSource->execute('SELECT `Post`.`...', Array, Array)
#3 /var/www/html/lib/Cake/Model/Datasource/DboSource.php(1186): DboSource->fetchAll('SELECT `Post`.`...', Array)
#4 /var/www/html/lib/Cake/Model/Model.php(3040): DboSource->read(Object(Post), Array)
#5 /var/www/html/lib/Cake/Model/Model.php(3012): Model->_readDataSource('all', Array)
#6 /var/www/html/app/Controller/PostsController.php(9): Model->find('all')
#7 [internal function]: PostsController->index()
#8 /var/www/html/lib/Cake/Controller/Controller.php(491): ReflectionMethod->invokeArgs(Object(PostsController), Array)
#9 /var/www/html/lib/Cake/Routing/Dispatcher.php(193): Controller->invokeAction(Object(CakeRequest))
#10 /var/www/html/lib/Cake/Routing/Dispatcher.php(167): Dispatcher->_invoke(Object(PostsController), Object(CakeRequest))
#11 /var/www/html/app/webroot/index.php(117): Dispatcher->dispatch(Object(CakeRequest), Object(CakeResponse))
#12 {main}
2017-12-20 17:20:49 Error: [ParseError] syntax error, unexpected 'List' (T_LIST), expecting identifier (T_STRING)
Request URL: /admin/contents/index/List
Stack Trace:
#0 [internal function]: App::load('List')
#1 [internal function]: spl_autoload_call('List')
#2 /var/www/html/lib/Cake/Utility/ClassRegistry.php(146): class_exists('List')
#3 /var/www/html/app/Plugin/Brownie/Controller/ContentsController.php(25): ClassRegistry::init('List')
#4 /var/www/html/lib/Cake/Event/CakeEventManager.php(243): ContentsController->beforeFilter(Object(CakeEvent))
#5 /var/www/html/lib/Cake/Controller/Controller.php(677): CakeEventManager->dispatch(Object(CakeEvent))
#6 /var/www/html/lib/Cake/Routing/Dispatcher.php(189): Controller->startupProcess()
#7 /var/www/html/lib/Cake/Routing/Dispatcher.php(167): Dispatcher->_invoke(Object(ContentsController), Object(CakeRequest))
#8 /var/www/html/app/webroot/index.php(117): Dispatcher->dispatch(Object(CakeRequest), Object(CakeResponse))
#9 {main}
2017-12-20 17:21:31 Error: [ParseError] syntax error, unexpected 'List' (T_LIST), expecting identifier (T_STRING)
Request URL: /admin/contents/index/List
Stack Trace:
#0 [internal function]: App::load('List')
#1 [internal function]: spl_autoload_call('List')
#2 /var/www/html/lib/Cake/Utility/ClassRegistry.php(146): class_exists('List')
#3 /var/www/html/app/Plugin/Brownie/Controller/ContentsController.php(25): ClassRegistry::init('List')
#4 /var/www/html/lib/Cake/Event/CakeEventManager.php(243): ContentsController->beforeFilter(Object(CakeEvent))
#5 /var/www/html/lib/Cake/Controller/Controller.php(677): CakeEventManager->dispatch(Object(CakeEvent))
#6 /var/www/html/lib/Cake/Routing/Dispatcher.php(189): Controller->startupProcess()
#7 /var/www/html/lib/Cake/Routing/Dispatcher.php(167): Dispatcher->_invoke(Object(ContentsController), Object(CakeRequest))
#8 /var/www/html/app/webroot/index.php(117): Dispatcher->dispatch(Object(CakeRequest), Object(CakeResponse))
#9 {main}
2017-12-20 17:21:42 Error: [ParseError] syntax error, unexpected 'List' (T_LIST), expecting identifier (T_STRING)
Request URL: /admin/contents/index/List
Stack Trace:
#0 [internal function]: App::load('List')
#1 [internal function]: spl_autoload_call('List')
#2 /var/www/html/lib/Cake/Utility/ClassRegistry.php(146): class_exists('List')
#3 /var/www/html/app/Plugin/Brownie/Controller/ContentsController.php(25): ClassRegistry::init('List')
#4 /var/www/html/lib/Cake/Event/CakeEventManager.php(243): ContentsController->beforeFilter(Object(CakeEvent))
#5 /var/www/html/lib/Cake/Controller/Controller.php(677): CakeEventManager->dispatch(Object(CakeEvent))
#6 /var/www/html/lib/Cake/Routing/Dispatcher.php(189): Controller->startupProcess()
#7 /var/www/html/lib/Cake/Routing/Dispatcher.php(167): Dispatcher->_invoke(Object(ContentsController), Object(CakeRequest))
#8 /var/www/html/app/webroot/index.php(117): Dispatcher->dispatch(Object(CakeRequest), Object(CakeResponse))
#9 {main}
2017-12-20 17:22:03 Error: [ParseError] syntax error, unexpected 'List' (T_LIST), expecting identifier (T_STRING)
Request URL: /admin/contents/index/List
Stack Trace:
#0 [internal function]: App::load('List')
#1 [internal function]: spl_autoload_call('List')
#2 /var/www/html/lib/Cake/Utility/ClassRegistry.php(146): class_exists('List')
#3 /var/www/html/app/Plugin/Brownie/Controller/ContentsController.php(25): ClassRegistry::init('List')
#4 /var/www/html/lib/Cake/Event/CakeEventManager.php(243): ContentsController->beforeFilter(Object(CakeEvent))
#5 /var/www/html/lib/Cake/Controller/Controller.php(677): CakeEventManager->dispatch(Object(CakeEvent))
#6 /var/www/html/lib/Cake/Routing/Dispatcher.php(189): Controller->startupProcess()
#7 /var/www/html/lib/Cake/Routing/Dispatcher.php(167): Dispatcher->_invoke(Object(ContentsController), Object(CakeRequest))
#8 /var/www/html/app/webroot/index.php(117): Dispatcher->dispatch(Object(CakeRequest), Object(CakeResponse))
#9 {main}
2017-12-20 17:22:10 Error: [ParseError] syntax error, unexpected 'List' (T_LIST), expecting identifier (T_STRING)
Request URL: /admin/contents/index/List
Stack Trace:
#0 [internal function]: App::load('List')
#1 [internal function]: spl_autoload_call('List')
#2 /var/www/html/lib/Cake/Utility/ClassRegistry.php(146): class_exists('List')
#3 /var/www/html/app/Plugin/Brownie/Controller/ContentsController.php(25): ClassRegistry::init('List')
#4 /var/www/html/lib/Cake/Event/CakeEventManager.php(243): ContentsController->beforeFilter(Object(CakeEvent))
#5 /var/www/html/lib/Cake/Controller/Controller.php(677): CakeEventManager->dispatch(Object(CakeEvent))
#6 /var/www/html/lib/Cake/Routing/Dispatcher.php(189): Controller->startupProcess()
#7 /var/www/html/lib/Cake/Routing/Dispatcher.php(167): Dispatcher->_invoke(Object(ContentsController), Object(CakeRequest))
#8 /var/www/html/app/webroot/index.php(117): Dispatcher->dispatch(Object(CakeRequest), Object(CakeResponse))
#9 {main}
2017-12-20 17:22:27 Error: [ParseError] syntax error, unexpected 'List' (T_LIST), expecting identifier (T_STRING)
Request URL: /admin/contents/index/List
Stack Trace:
#0 [internal function]: App::load('List')
#1 [internal function]: spl_autoload_call('List')
#2 /var/www/html/lib/Cake/Utility/ClassRegistry.php(146): class_exists('List')
#3 /var/www/html/app/Plugin/Brownie/Controller/ContentsController.php(25): ClassRegistry::init('List')
#4 /var/www/html/lib/Cake/Event/CakeEventManager.php(243): ContentsController->beforeFilter(Object(CakeEvent))
#5 /var/www/html/lib/Cake/Controller/Controller.php(677): CakeEventManager->dispatch(Object(CakeEvent))
#6 /var/www/html/lib/Cake/Routing/Dispatcher.php(189): Controller->startupProcess()
#7 /var/www/html/lib/Cake/Routing/Dispatcher.php(167): Dispatcher->_invoke(Object(ContentsController), Object(CakeRequest))
#8 /var/www/html/app/webroot/index.php(117): Dispatcher->dispatch(Object(CakeRequest), Object(CakeResponse))
#9 {main}
2017-12-20 17:23:58 Error: [NotFoundException] Model does not exists
Request URL: /admin/contents/index/List
Stack Trace:
#0 /var/www/html/lib/Cake/Event/CakeEventManager.php(243): ContentsController->beforeFilter(Object(CakeEvent))
#1 /var/www/html/lib/Cake/Controller/Controller.php(677): CakeEventManager->dispatch(Object(CakeEvent))
#2 /var/www/html/lib/Cake/Routing/Dispatcher.php(189): Controller->startupProcess()
#3 /var/www/html/lib/Cake/Routing/Dispatcher.php(167): Dispatcher->_invoke(Object(ContentsController), Object(CakeRequest))
#4 /var/www/html/app/webroot/index.php(117): Dispatcher->dispatch(Object(CakeRequest), Object(CakeResponse))
#5 {main}
2017-12-20 17:24:03 Error: [MissingControllerException] Controller class AdminController could not be found.
Exception Attributes: array (
  'class' => 'AdminController',
  'plugin' => NULL,
)
Request URL: /admin/contents/
Stack Trace:
#0 /var/www/html/app/webroot/index.php(117): Dispatcher->dispatch(Object(CakeRequest), Object(CakeResponse))
#1 {main}
2017-12-20 17:24:11 Error: [NotFoundException] Model does not exists
Request URL: /admin/contents/index/List
Stack Trace:
#0 /var/www/html/lib/Cake/Event/CakeEventManager.php(243): ContentsController->beforeFilter(Object(CakeEvent))
#1 /var/www/html/lib/Cake/Controller/Controller.php(677): CakeEventManager->dispatch(Object(CakeEvent))
#2 /var/www/html/lib/Cake/Routing/Dispatcher.php(189): Controller->startupProcess()
#3 /var/www/html/lib/Cake/Routing/Dispatcher.php(167): Dispatcher->_invoke(Object(ContentsController), Object(CakeRequest))
#4 /var/www/html/app/webroot/index.php(117): Dispatcher->dispatch(Object(CakeRequest), Object(CakeResponse))
#5 {main}
